<?xml version="1.0" encoding="UTF-8"?>
<!-- Generated by org.testng.reporters.JUnitReportReporter -->
<testsuite hostname="LAPTOP-9E55LMAH" failures="0" tests="1" name="runner.RunCuke" time="9.517" errors="0" timestamp="2023-08-21T16:04:24 CLT" skipped="0">
  <testcase classname="runner.RunCuke" name="runScenario" time="9.517"/>
  <system-out/>
</testsuite> <!-- runner.RunCuke -->
